<?xml version="1.0" encoding="UTF-8"?>
<!-- Generated by org.testng.reporters.JUnitXMLReporter -->
<testsuite hostname="palotas" ignored="1" name="Surefire test" tests="5" failures="0" timestamp="28 Feb 2018 20:27:17 GMT" time="1.518" errors="0">
  <testcase name="@BeforeMethod setupTest" time="0.0" classname="axa.utils.TestBase">
    <failure type="org.testng.TestNGException" message="
Parameter &amp;apos;browser&amp;apos; is required by BeforeMethod on method setupTest but has not been marked @Optional or defined
">
      <![CDATA[org.testng.TestNGException: 
Parameter 'browser' is required by BeforeMethod on method setupTest but has not been marked @Optional or defined

... Removed 29 stack frames]]>
    </failure>
  </testcase> <!-- @BeforeMethod setupTest -->
  <testcase name="@AfterMethod tearDown" time="0.0" classname="axa.utils.TestBase">
    <skipped/>
  </testcase> <!-- @AfterMethod tearDown -->
  <testcase name="@BeforeMethod setupTest" time="0.0" classname="axa.utils.TestBase">
    <skipped/>
  </testcase> <!-- @BeforeMethod setupTest -->
  <testcase name="@AfterMethod tearDown" time="0.0" classname="axa.utils.TestBase">
    <skipped/>
  </testcase> <!-- @AfterMethod tearDown -->
  <testcase name="@BeforeMethod setupTest" time="0.0" classname="axa.utils.TestBase">
    <skipped/>
  </testcase> <!-- @BeforeMethod setupTest -->
  <testcase name="@AfterMethod tearDown" time="0.0" classname="axa.utils.TestBase">
    <skipped/>
  </testcase> <!-- @AfterMethod tearDown -->
  <testcase name="@BeforeMethod setupTest" time="0.0" classname="axa.utils.TestBase">
    <skipped/>
  </testcase> <!-- @BeforeMethod setupTest -->
  <testcase name="@AfterMethod tearDown" time="0.0" classname="axa.utils.TestBase">
    <skipped/>
  </testcase> <!-- @AfterMethod tearDown -->
  <testcase name="@BeforeMethod setupTest" time="0.0" classname="axa.utils.TestBase">
    <skipped/>
  </testcase> <!-- @BeforeMethod setupTest -->
  <testcase name="@AfterMethod tearDown" time="0.0" classname="axa.utils.TestBase">
    <skipped/>
  </testcase> <!-- @AfterMethod tearDown -->
  <testcase name="newTest" time="0.0" classname="axa.tests.AutoversicherungsTest">
    <skipped/>
  </testcase> <!-- newTest -->
  <testcase name="newTest" time="0.0" classname="axa.tests.AutoversicherungsTest">
    <skipped/>
  </testcase> <!-- newTest -->
  <testcase name="newTest" time="0.0" classname="axa.tests.AutoversicherungsTest">
    <skipped/>
  </testcase> <!-- newTest -->
  <testcase name="newTest" time="0.0" classname="axa.tests.AutoversicherungsTest">
    <skipped/>
  </testcase> <!-- newTest -->
  <testcase name="newTest" time="0.0" classname="axa.tests.AutoversicherungsTest">
    <skipped/>
  </testcase> <!-- newTest -->
  <testcase name="axaTest" time="0.0" classname="axa.tests.AutoversicherungsTest">
    <ignored/>
  </testcase> <!-- axaTest -->
</testsuite> <!-- Surefire test -->
